* Installing *source* package 'geosphere' ...
** R
** preparing package for lazy loading
** help
*** installing help indices
 >>> Building/Updating help pages for package 'geosphere'
     Formats: text html latex example chm 
  alongTrackDistance                text    html    latex   example chm
  antipode                          text    html    latex   example chm
  bearing                           text    html    latex   example chm
  brngRhumb                         text    html    latex   example chm
  crossTrackDistance                text    html    latex   example chm
  crossingParallel                  text    html    latex   example chm
  destPoint                         text    html    latex   example chm
  destPointRhumb                    text    html    latex   example chm
  distCosine                        text    html    latex   example chm
  distHaversine                     text    html    latex   example chm
  distRhumb                         text    html    latex   example chm
  distVincentyEllipsoid             text    html    latex   example chm
  distVincentySphere                text    html    latex   example chm
  finalBearing                      text    html    latex   example chm
  geosphere-package                 text    html    latex           chm
  greatCircle                       text    html    latex   example chm
  greatCircleIntermediate           text    html    latex   example chm
  greatCircleIntersect              text    html    latex   example chm
  midPoint                          text    html    latex   example chm
  polePoint                         text    html    latex   example chm
  radialIntersect                   text    html    latex   example chm
  utils                             text    html    latex           chm
Microsoft HTML Help Compiler 4.74.8702

Compiling c:\@R\GEOSPH~1\pkg\GEOSPH~1\chm\geosphere.chm


Compile time: 0 minutes, 0 seconds
23	Topics
72	Local links
33	Internet links
1	Graphic


Created c:\@R\GEOSPH~1\pkg\GEOSPH~1\chm\geosphere.chm, 34,100 bytes
Compression decreased file by 30,344 bytes.
** building package indices ...
** MD5 sums
* DONE (geosphere)
